<?xml version='1.0' encoding='UTF-8'?>
<testsuite hostname="th-p14s" name="TwoferTest" tests="3" errors="0" failures="0" skipped="2" time="0.021" timestamp="2021-08-14T14:07:35">
          <properties>
      <property name="jline.esc.timeout" value="0"/><property name="jna.platform.library.path" value="/usr/lib/x86_64-linux-gnu:/lib/x86_64-linux-gnu:/usr/lib64:/lib64:/usr/lib:/lib"/><property name="java.runtime.name" value="OpenJDK Runtime Environment"/><property name="sun.boot.library.path" value="/home/juan/.jdks/corretto-1.8.0_302/jre/lib/amd64"/><property name="java.vm.version" value="25.302-b08"/><property name="java.vm.vendor" value="Amazon.com Inc."/><property name="java.vendor.url" value="https://aws.amazon.com/corretto/"/><property name="path.separator" value=":"/><property name="jna.loaded" value="true"/><property name="java.vm.name" value="OpenJDK 64-Bit Server VM"/><property name="file.encoding.pkg" value="sun.io"/><property name="user.country" value="US"/><property name="sun.java.launcher" value="SUN_STANDARD"/><property name="sun.os.patch.level" value="unknown"/><property name="jna.nosys" value="true"/><property name="java.vm.specification.name" value="Java Virtual Machine Specification"/><property name="user.dir" value="/home/juan/Repos/exercism/scala/two-fer"/><property name="java.runtime.version" value="1.8.0_302-b08"/><property name="java.awt.graphicsenv" value="sun.awt.X11GraphicsEnvironment"/><property name="idea.managed" value="true"/><property name="java.endorsed.dirs" value="/home/juan/.jdks/corretto-1.8.0_302/jre/lib/endorsed"/><property name="os.arch" value="amd64"/><property name="java.io.tmpdir" value="/tmp"/><property name="line.separator" value="
"/><property name="java.vm.specification.vendor" value="Oracle Corporation"/><property name="log4j.ignoreTCL" value="true"/><property name="os.name" value="Linux"/><property name="sun.jnu.encoding" value="UTF-8"/><property name="jnidispatch.path" value="/home/juan/.cache/JNA/temp/jna349973092773054050.tmp"/><property name="java.library.path" value="/usr/java/packages/lib/amd64:/usr/lib64:/lib64:/lib:/usr/lib"/><property name="java.specification.name" value="Java Platform API Specification"/><property name="java.class.version" value="52.0"/><property name="sun.management.compiler" value="HotSpot 64-Bit Tiered Compilers"/><property name="os.version" value="5.11.0-25-generic"/><property name="swoval.tmpdir" value="/home/juan/.sbt/1.0"/><property name="user.home" value="/home/juan"/><property name="user.timezone" value="Europe/Madrid"/><property name="java.awt.printerjob" value="sun.print.PSPrinterJob"/><property name="idea.installation.dir" value="/snap/intellij-idea-ultimate/311"/><property name="file.encoding" value="UTF-8"/><property name="java.specification.version" value="1.8"/><property name="java.class.path" value="/home/juan/.local/share/JetBrains/IntelliJIdea2021.2/Scala/launcher/sbt-launch.jar"/><property name="user.name" value="juan"/><property name="jline.shutdownhook" value="false"/><property name="java.vm.specification.version" value="1.8"/><property name="sun.java.command" value="/home/juan/.local/share/JetBrains/IntelliJIdea2021.2/Scala/launcher/sbt-launch.jar early(addPluginSbtFile=&quot;&quot;&quot;/tmp/idea2.sbt&quot;&quot;&quot;) ; set ideaPort in Global := 32999 ; idea-shell"/><property name="java.home" value="/home/juan/.jdks/corretto-1.8.0_302/jre"/><property name="sun.arch.data.model" value="64"/><property name="user.language" value="en"/><property name="java.specification.vendor" value="Oracle Corporation"/><property name="awt.toolkit" value="sun.awt.X11.XToolkit"/><property name="java.vm.info" value="mixed mode"/><property name="java.version" value="1.8.0_302"/><property name="java.ext.dirs" value="/home/juan/.jdks/corretto-1.8.0_302/jre/lib/ext:/usr/java/packages/lib/ext"/><property name="sun.boot.class.path" value="/home/juan/.jdks/corretto-1.8.0_302/jre/lib/resources.jar:/home/juan/.jdks/corretto-1.8.0_302/jre/lib/rt.jar:/home/juan/.jdks/corretto-1.8.0_302/jre/lib/sunrsasign.jar:/home/juan/.jdks/corretto-1.8.0_302/jre/lib/jsse.jar:/home/juan/.jdks/corretto-1.8.0_302/jre/lib/jce.jar:/home/juan/.jdks/corretto-1.8.0_302/jre/lib/charsets.jar:/home/juan/.jdks/corretto-1.8.0_302/jre/lib/jfr.jar:/home/juan/.jdks/corretto-1.8.0_302/jre/classes"/><property name="java.vendor" value="Amazon.com Inc."/><property name="file.separator" value="/"/><property name="java.vendor.url.bug" value="https://github.com/corretto/corretto-8/issues/"/><property name="sbt.supershell" value="false"/><property name="sun.io.unicode.encoding" value="UnicodeLittle"/><property name="sun.cpu.endian" value="little"/><property name="sun.desktop" value="gnome"/><property name="sun.cpu.isalist" value=""/>
    </properties>
          <testcase classname="TwoferTest" name="no name given" time="0.018">
                      
                    </testcase><testcase classname="TwoferTest" name="a name given" time="0.002">
                      <skipped/>
                    </testcase><testcase classname="TwoferTest" name="another name given" time="0.001">
                      <skipped/>
                    </testcase>
          <system-out><![CDATA[]]></system-out>
          <system-err><![CDATA[]]></system-err>
        </testsuite>